TN:
SF:src\App.jsx
FN:7,App
FNF:1
FNH:0
FNDA:0,App
DA:8,0
LF:1
LH:0
BRF:0
BRH:0
end_of_record
TN:
SF:src\main.jsx
FNF:0
FNH:0
DA:6,0
LF:1
LH:0
BRF:0
BRH:0
end_of_record
TN:
SF:src\Component\Dashboard.jsx
FN:7,(anonymous_0)
FN:8,(anonymous_1)
FN:15,(anonymous_2)
FN:27,(anonymous_3)
FN:31,(anonymous_4)
FN:45,(anonymous_5)
FN:49,(anonymous_6)
FN:53,(anonymous_7)
FN:62,(anonymous_8)
FN:63,(anonymous_9)
FN:72,(anonymous_10)
FN:76,(anonymous_11)
FN:80,(anonymous_12)
FN:82,(anonymous_13)
FN:153,(anonymous_14)
FN:163,(anonymous_15)
FN:169,(anonymous_16)
FN:184,(anonymous_17)
FN:191,(anonymous_18)
FN:223,(anonymous_19)
FNF:20
FNH:18
FNDA:1,(anonymous_0)
FNDA:9,(anonymous_1)
FNDA:9,(anonymous_2)
FNDA:9,(anonymous_3)
FNDA:9,(anonymous_4)
FNDA:1,(anonymous_5)
FNDA:2,(anonymous_6)
FNDA:2,(anonymous_7)
FNDA:1,(anonymous_8)
FNDA:1,(anonymous_9)
FNDA:1,(anonymous_10)
FNDA:1,(anonymous_11)
FNDA:29,(anonymous_12)
FNDA:10,(anonymous_13)
FNDA:9,(anonymous_14)
FNDA:0,(anonymous_15)
FNDA:9,(anonymous_16)
FNDA:1,(anonymous_17)
FNDA:2,(anonymous_18)
FNDA:0,(anonymous_19)
DA:7,1
DA:8,1
DA:9,9
DA:10,9
DA:16,9
DA:17,9
DA:28,9
DA:31,9
DA:32,9
DA:33,9
DA:34,9
DA:35,7
DA:36,0
DA:38,7
DA:39,7
DA:41,1
DA:45,9
DA:46,1
DA:49,9
DA:50,2
DA:53,9
DA:54,2
DA:55,2
DA:56,2
DA:59,1
DA:60,0
DA:62,1
DA:63,1
DA:66,1
DA:68,1
DA:72,9
DA:73,1
DA:76,9
DA:77,1
DA:81,29
DA:82,29
DA:83,10
DA:86,29
DA:154,9
DA:163,0
DA:170,9
DA:184,1
DA:191,2
DA:223,0
DA:243,1
LF:45
LH:41
BRDA:35,0,0,0
BRDA:35,0,1,7
BRDA:59,1,0,0
BRDA:59,1,1,1
BRDA:135,2,0,29
BRDA:135,2,1,9
BRDA:144,3,0,29
BRDA:144,3,1,20
BRDA:144,3,2,1
BRDA:153,4,0,29
BRDA:153,4,1,20
BRDA:153,4,2,19
BRDA:153,4,3,8
BRDA:156,5,0,8
BRDA:156,5,1,1
BRDA:202,6,0,29
BRDA:202,6,1,20
BRDA:202,6,2,19
BRDA:202,6,3,11
BRDA:216,7,0,29
BRDA:216,7,1,2
BRF:21
BRH:19
end_of_record
TN:
SF:src\Component\Header.jsx
FN:6,(anonymous_0)
FN:12,(anonymous_1)
FN:16,(anonymous_2)
FNF:3
FNH:3
FNDA:44,(anonymous_0)
FNDA:2,(anonymous_1)
FNDA:1,(anonymous_2)
DA:6,2
DA:7,44
DA:8,44
DA:9,44
DA:12,44
DA:13,2
DA:16,44
DA:17,1
DA:18,1
DA:19,1
DA:22,44
LF:11
LH:11
BRDA:34,0,0,44
BRDA:34,0,1,4
BRDA:50,1,0,4
BRDA:50,1,1,2
BRF:4
BRH:4
end_of_record
TN:
SF:src\Component\Login.jsx
FN:8,(anonymous_0)
FN:11,(anonymous_1)
FN:31,(anonymous_2)
FNF:3
FNH:2
FNDA:2,(anonymous_0)
FNDA:1,(anonymous_1)
FNDA:0,(anonymous_2)
DA:6,1
DA:8,1
DA:9,2
DA:11,2
DA:12,1
DA:13,1
DA:14,1
DA:16,1
DA:17,1
DA:19,1
DA:22,2
DA:31,0
LF:12
LH:11
BRDA:14,0,0,1
BRDA:14,0,1,0
BRDA:14,0,2,0
BRF:3
BRH:1
end_of_record
TN:
SF:src\Component\Registration.jsx
FN:11,(anonymous_0)
FN:12,(anonymous_1)
FN:20,(anonymous_2)
FN:38,(anonymous_3)
FN:58,(anonymous_4)
FN:78,(anonymous_5)
FN:94,(anonymous_6)
FN:97,(anonymous_7)
FN:100,(anonymous_8)
FN:107,(anonymous_9)
FN:112,(anonymous_10)
FN:166,(anonymous_11)
FN:196,(anonymous_12)
FN:218,(anonymous_13)
FN:250,(anonymous_14)
FN:269,(anonymous_15)
FN:287,(anonymous_16)
FN:302,(anonymous_17)
FN:330,(anonymous_18)
FN:340,(anonymous_19)
FN:364,(anonymous_20)
FNF:21
FNH:19
FNDA:1,(anonymous_0)
FNDA:6,(anonymous_1)
FNDA:6,(anonymous_2)
FNDA:6,(anonymous_3)
FNDA:2,(anonymous_4)
FNDA:2,(anonymous_5)
FNDA:23,(anonymous_6)
FNDA:3,(anonymous_7)
FNDA:0,(anonymous_8)
FNDA:68,(anonymous_9)
FNDA:34,(anonymous_10)
FNDA:136,(anonymous_11)
FNDA:68,(anonymous_12)
FNDA:170,(anonymous_13)
FNDA:102,(anonymous_14)
FNDA:1054,(anonymous_15)
FNDA:408,(anonymous_16)
FNDA:170,(anonymous_17)
FNDA:1,(anonymous_18)
FNDA:2,(anonymous_19)
FNDA:0,(anonymous_20)
DA:11,1
DA:12,1
DA:13,6
DA:14,6
DA:15,6
DA:21,6
DA:22,6
DA:39,6
DA:40,6
DA:41,1
DA:42,1
DA:58,6
DA:59,2
DA:60,2
DA:62,2
DA:63,2
DA:65,2
DA:66,2
DA:67,0
DA:69,2
DA:71,1
DA:72,1
DA:74,1
DA:78,6
DA:79,2
DA:94,6
DA:95,23
DA:96,23
DA:97,3
DA:100,0
DA:103,20
DA:107,6
DA:108,68
DA:109,6
DA:113,34
DA:115,34
DA:167,136
DA:197,68
DA:219,170
DA:251,102
DA:270,1054
DA:288,408
DA:303,170
DA:330,1
DA:340,2
DA:364,0
DA:384,1
LF:47
LH:44
BRDA:40,0,0,1
BRDA:40,0,1,5
BRDA:40,1,0,6
BRDA:40,1,1,1
BRDA:52,2,0,1
BRDA:52,2,1,0
BRDA:66,3,0,0
BRDA:66,3,1,2
BRDA:96,4,0,3
BRDA:96,4,1,20
BRDA:98,5,0,3
BRDA:98,5,1,0
BRDA:108,6,0,62
BRDA:108,6,1,6
BRDA:126,7,0,1
BRDA:126,7,1,33
BRDA:320,8,0,0
BRDA:320,8,1,34
BRDA:342,9,0,1
BRDA:342,9,1,33
BRDA:357,10,0,34
BRDA:357,10,1,3
BRDA:361,11,0,0
BRDA:361,11,1,3
BRDA:373,12,0,0
BRDA:373,12,1,3
BRF:26
BRH:20
end_of_record
