TN:
SF:src\App.jsx
FN:7,App
FNF:1
FNH:0
FNDA:0,App
DA:8,0
LF:1
LH:0
BRF:0
BRH:0
end_of_record
TN:
SF:src\main.jsx
FNF:0
FNH:0
DA:6,0
LF:1
LH:0
BRF:0
BRH:0
end_of_record
TN:
SF:src\Component\Dashboard\Dashboard.jsx
FN:6,(anonymous_0)
FN:7,(anonymous_1)
FN:14,(anonymous_2)
FN:26,(anonymous_3)
FN:30,(anonymous_4)
FN:44,(anonymous_5)
FN:48,(anonymous_6)
FN:52,(anonymous_7)
FN:61,(anonymous_8)
FN:62,(anonymous_9)
FN:72,(anonymous_10)
FN:76,(anonymous_11)
FN:80,(anonymous_12)
FN:82,(anonymous_13)
FN:144,(anonymous_14)
FN:155,(anonymous_15)
FN:162,(anonymous_16)
FN:177,(anonymous_17)
FN:184,(anonymous_18)
FN:213,(anonymous_19)
FNF:20
FNH:18
FNDA:1,(anonymous_0)
FNDA:9,(anonymous_1)
FNDA:9,(anonymous_2)
FNDA:9,(anonymous_3)
FNDA:9,(anonymous_4)
FNDA:1,(anonymous_5)
FNDA:2,(anonymous_6)
FNDA:2,(anonymous_7)
FNDA:1,(anonymous_8)
FNDA:1,(anonymous_9)
FNDA:1,(anonymous_10)
FNDA:1,(anonymous_11)
FNDA:29,(anonymous_12)
FNDA:10,(anonymous_13)
FNDA:9,(anonymous_14)
FNDA:0,(anonymous_15)
FNDA:9,(anonymous_16)
FNDA:1,(anonymous_17)
FNDA:2,(anonymous_18)
FNDA:0,(anonymous_19)
DA:6,1
DA:7,1
DA:8,9
DA:9,9
DA:15,9
DA:16,9
DA:27,9
DA:30,9
DA:31,9
DA:32,9
DA:33,9
DA:34,7
DA:35,0
DA:37,7
DA:38,7
DA:40,1
DA:44,9
DA:45,1
DA:48,9
DA:49,2
DA:52,9
DA:53,2
DA:54,2
DA:55,2
DA:58,1
DA:59,0
DA:61,1
DA:62,1
DA:65,1
DA:66,1
DA:68,1
DA:72,9
DA:73,1
DA:76,9
DA:77,1
DA:81,29
DA:82,29
DA:83,10
DA:86,29
DA:145,9
DA:155,0
DA:163,9
DA:177,1
DA:184,2
DA:213,0
LF:45
LH:41
BRDA:34,0,0,0
BRDA:34,0,1,7
BRDA:58,1,0,0
BRDA:58,1,1,1
BRDA:131,2,0,9
BRDA:131,2,1,20
BRDA:137,3,0,1
BRDA:137,3,1,19
BRDA:143,4,0,8
BRDA:143,4,1,11
BRDA:147,5,0,8
BRDA:147,5,1,1
BRDA:206,6,0,29
BRDA:206,6,1,2
BRF:14
BRH:12
end_of_record
TN:
SF:src\Component\Header\Header.jsx
FN:6,(anonymous_0)
FN:12,(anonymous_1)
FN:16,(anonymous_2)
FNF:3
FNH:3
FNDA:42,(anonymous_0)
FNDA:2,(anonymous_1)
FNDA:1,(anonymous_2)
DA:6,2
DA:7,42
DA:8,42
DA:9,42
DA:12,42
DA:13,2
DA:16,42
DA:17,1
DA:18,1
DA:19,1
DA:22,42
LF:11
LH:11
BRDA:34,0,0,42
BRDA:34,0,1,4
BRDA:50,1,0,4
BRDA:50,1,1,2
BRF:4
BRH:4
end_of_record
TN:
SF:src\Component\Login\Login.jsx
FN:8,(anonymous_0)
FN:11,(anonymous_1)
FN:31,(anonymous_2)
FNF:3
FNH:2
FNDA:2,(anonymous_0)
FNDA:1,(anonymous_1)
FNDA:0,(anonymous_2)
DA:6,1
DA:8,1
DA:9,2
DA:11,2
DA:12,1
DA:13,1
DA:14,1
DA:16,1
DA:17,1
DA:19,1
DA:22,2
DA:31,0
LF:12
LH:11
BRDA:14,0,0,1
BRDA:14,0,1,0
BRDA:14,0,2,0
BRF:3
BRH:1
end_of_record
TN:
SF:src\Component\Register\Registration.jsx
FN:10,(anonymous_0)
FN:11,(anonymous_1)
FN:19,(anonymous_2)
FN:37,(anonymous_3)
FN:58,(anonymous_4)
FN:78,(anonymous_5)
FN:94,(anonymous_6)
FN:97,(anonymous_7)
FN:100,(anonymous_8)
FN:107,(anonymous_9)
FN:161,(anonymous_10)
FN:191,(anonymous_11)
FN:213,(anonymous_12)
FN:245,(anonymous_13)
FN:264,(anonymous_14)
FN:282,(anonymous_15)
FN:297,(anonymous_16)
FN:319,(anonymous_17)
FN:329,(anonymous_18)
FN:353,(anonymous_19)
FNF:20
FNH:18
FNDA:1,(anonymous_0)
FNDA:5,(anonymous_1)
FNDA:5,(anonymous_2)
FNDA:5,(anonymous_3)
FNDA:2,(anonymous_4)
FNDA:2,(anonymous_5)
FNDA:23,(anonymous_6)
FNDA:3,(anonymous_7)
FNDA:0,(anonymous_8)
FNDA:32,(anonymous_9)
FNDA:128,(anonymous_10)
FNDA:64,(anonymous_11)
FNDA:160,(anonymous_12)
FNDA:96,(anonymous_13)
FNDA:992,(anonymous_14)
FNDA:384,(anonymous_15)
FNDA:160,(anonymous_16)
FNDA:1,(anonymous_17)
FNDA:2,(anonymous_18)
FNDA:0,(anonymous_19)
DA:10,1
DA:11,1
DA:12,5
DA:13,5
DA:14,5
DA:20,5
DA:21,5
DA:38,5
DA:39,5
DA:40,0
DA:41,0
DA:42,0
DA:58,5
DA:59,2
DA:60,2
DA:62,2
DA:63,2
DA:65,2
DA:66,2
DA:67,0
DA:69,2
DA:71,1
DA:72,1
DA:74,1
DA:78,5
DA:79,2
DA:94,5
DA:95,23
DA:96,23
DA:97,3
DA:100,0
DA:103,20
DA:108,32
DA:110,32
DA:162,128
DA:192,64
DA:214,160
DA:246,96
DA:265,992
DA:283,384
DA:298,160
DA:319,1
DA:329,2
DA:353,0
LF:44
LH:38
BRDA:39,0,0,0
BRDA:39,0,1,5
BRDA:39,1,0,5
BRDA:39,1,1,0
BRDA:39,1,2,0
BRDA:52,2,0,0
BRDA:52,2,1,0
BRDA:66,3,0,0
BRDA:66,3,1,2
BRDA:96,4,0,3
BRDA:96,4,1,20
BRDA:98,5,0,3
BRDA:98,5,1,0
BRDA:121,6,0,0
BRDA:121,6,1,32
BRDA:331,7,0,0
BRDA:331,7,1,32
BRDA:346,8,0,32
BRDA:346,8,1,3
BRF:19
BRH:10
end_of_record
